   1                             		.file	"RX63N_LedButton.c"
   2                             		.section P,"ax"
   3                             	.Ltext0:
   4                             		.section	.text.main,"ax",@progbits
   5                             		.global	_main
   7                             	_main:
   8                             	.LFB1:
   9                             		.file 1 "../src/RX63N_LedButton.c"
   1:../src/RX63N_LedButton.c **** /***************************************************************/
   2:../src/RX63N_LedButton.c **** /*                                                             */
   3:../src/RX63N_LedButton.c **** /*      PROJECT NAME :  RX63N_LedButton                        */
   4:../src/RX63N_LedButton.c **** /*      FILE         :  RX63N_LedButton.c                      */
   5:../src/RX63N_LedButton.c **** /*      DESCRIPTION  :  Main Program                           */
   6:../src/RX63N_LedButton.c **** /*                                                             */
   7:../src/RX63N_LedButton.c **** /*      This file was generated by e2 studio.                  */
   8:../src/RX63N_LedButton.c **** /*                                                             */
   9:../src/RX63N_LedButton.c **** /***************************************************************/
  10:../src/RX63N_LedButton.c **** 
  11:../src/RX63N_LedButton.c **** #include "iodefine.h"
  12:../src/RX63N_LedButton.c **** #include <stdint.h>
  13:../src/RX63N_LedButton.c **** #include "bss.h"
  14:../src/RX63N_LedButton.c **** #ifdef CPPAPP
  15:../src/RX63N_LedButton.c **** //Initialize global constructors
  16:../src/RX63N_LedButton.c **** extern void __main()
  17:../src/RX63N_LedButton.c **** {
  18:../src/RX63N_LedButton.c ****   static int initialized;
  19:../src/RX63N_LedButton.c ****   if (! initialized)
  20:../src/RX63N_LedButton.c ****     {
  21:../src/RX63N_LedButton.c ****       typedef void (*pfunc) ();
  22:../src/RX63N_LedButton.c ****       extern pfunc __ctors[];
  23:../src/RX63N_LedButton.c ****       extern pfunc __ctors_end[];
  24:../src/RX63N_LedButton.c ****       pfunc *p;
  25:../src/RX63N_LedButton.c **** 
  26:../src/RX63N_LedButton.c ****       initialized = 1;
  27:../src/RX63N_LedButton.c ****       for (p = __ctors_end; p > __ctors; )
  28:../src/RX63N_LedButton.c ****     (*--p) ();
  29:../src/RX63N_LedButton.c **** 
  30:../src/RX63N_LedButton.c ****     }
  31:../src/RX63N_LedButton.c **** }
  32:../src/RX63N_LedButton.c **** #endif
  33:../src/RX63N_LedButton.c **** 
  34:../src/RX63N_LedButton.c **** 
  35:../src/RX63N_LedButton.c **** static inline __attribute__((always_inline))void delay(void){
  36:../src/RX63N_LedButton.c **** 	for(uint32_t j= 0; j < 1000; j++);
  37:../src/RX63N_LedButton.c **** }
  38:../src/RX63N_LedButton.c **** 
  39:../src/RX63N_LedButton.c **** int main(void) {
  10                             		.loc 1 39 16 view -0
  11 0000 6E 7A                   		pushm	r7-r10
  12                             	.LCFI0:
  40:../src/RX63N_LedButton.c **** 	BSS_Init();
  13                             		.loc 1 40 2 view .LVU1
  14 0002 05 00 00 00             		bsr	_BSS_Init
  15                             	.LVL0:
  16                             	.L8:
  41:../src/RX63N_LedButton.c ****     while(1) {
  17                             		.loc 1 41 5 view .LVU2
  42:../src/RX63N_LedButton.c ****     	for(uint8_t i = 0; i < 8; i++){
  18                             		.loc 1 42 6 view .LVU3
  19                             	.LBB9:
  20                             		.loc 1 42 10 view .LVU4
  21                             		.loc 1 42 18 is_stmt 0 view .LVU5
  22 0006 66 07                   		mov	#0, r7
  23                             		.loc 1 42 6 view .LVU6
  24 0008 2E 18                   		bra	.L2
  25                             	.LVL1:
  26                             	.L11:
  43:../src/RX63N_LedButton.c ****     		LED(i, LED_ON);
  44:../src/RX63N_LedButton.c ****     		delay();
  45:../src/RX63N_LedButton.c ****     		LED(i, LED_OFF);
  27                             		.loc 1 45 7 is_stmt 1 discriminator 3 view .LVU7
  28 000a 66 12                   		mov.L	#1, r2
  29 000c EF A1                   		mov.L	r10, r1
  30 000e 05 00 00 00             		bsr	_LED
  31                             	.LVL2:
  46:../src/RX63N_LedButton.c ****     		delay();
  32                             		.loc 1 46 7 discriminator 3 view .LVU8
  33                             	.LBB10:
  34                             	.LBI10:
  35:../src/RX63N_LedButton.c **** 	for(uint32_t j= 0; j < 1000; j++);
  35                             		.loc 1 35 50 discriminator 3 view .LVU9
  36                             	.LBB11:
  36:../src/RX63N_LedButton.c **** }
  37                             		.loc 1 36 15 is_stmt 0 discriminator 3 view .LVU10
  38 0012 66 05                   		mov.L	#0, r5
  39                             	.L5:
  40                             	.LVL3:
  36:../src/RX63N_LedButton.c **** }
  41                             		.loc 1 36 2 view .LVU11
  42 0014 76 05 E7 03             		cmp	#0x3e7, r5
  43 0018 24 06                   		bgtu	.L10
  36:../src/RX63N_LedButton.c **** }
  44                             		.loc 1 36 35 is_stmt 1 view .LVU12
  36:../src/RX63N_LedButton.c **** }
  45                             		.loc 1 36 32 is_stmt 0 view .LVU13
  46 001a 62 15                   		add	#1, r5
  47                             	.LVL4:
  36:../src/RX63N_LedButton.c **** }
  48                             		.loc 1 36 32 view .LVU14
  49 001c 2E F8                   		bra	.L5
  50                             	.L10:
  51                             	.LVL5:
  36:../src/RX63N_LedButton.c **** }
  52                             		.loc 1 36 32 view .LVU15
  53                             	.LBE11:
  54                             	.LBE10:
  42:../src/RX63N_LedButton.c ****     		LED(i, LED_ON);
  55                             		.loc 1 42 33 discriminator 3 view .LVU16
  56 001e 62 17                   		add	#1, r7
  57                             	.LVL6:
  58                             	.L2:
  42:../src/RX63N_LedButton.c ****     		LED(i, LED_ON);
  59                             		.loc 1 42 6 discriminator 1 view .LVU17
  60 0020 5B 7A                   		movu.B	r7, r10
  61 0022 61 7A                   		cmp	#7, r10
  62 0024 24 E2                   		bgtu	.L8
  43:../src/RX63N_LedButton.c ****     		delay();
  63                             		.loc 1 43 7 is_stmt 1 discriminator 3 view .LVU18
  64 0026 5B 7A                   		movu.B	r7, r10
  65 0028 66 02                   		mov.L	#0, r2
  66 002a EF A1                   		mov.L	r10, r1
  67 002c 05 00 00 00             		bsr	_LED
  68                             	.LVL7:
  44:../src/RX63N_LedButton.c ****     		LED(i, LED_OFF);
  69                             		.loc 1 44 7 discriminator 3 view .LVU19
  70                             	.LBB12:
  71                             	.LBI12:
  35:../src/RX63N_LedButton.c **** 	for(uint32_t j= 0; j < 1000; j++);
  72                             		.loc 1 35 50 discriminator 3 view .LVU20
  73                             	.LBE12:
  74                             	.LBE9:
  36:../src/RX63N_LedButton.c **** }
  75                             		.loc 1 36 2 discriminator 3 view .LVU21
  76                             	.LBB15:
  77                             	.LBB14:
  78                             	.LBB13:
  36:../src/RX63N_LedButton.c **** }
  79                             		.loc 1 36 6 discriminator 3 view .LVU22
  36:../src/RX63N_LedButton.c **** }
  80                             		.loc 1 36 15 is_stmt 0 discriminator 3 view .LVU23
  81 0030 66 05                   		mov.L	#0, r5
  82                             	.LVL8:
  83                             	.L3:
  36:../src/RX63N_LedButton.c **** }
  84                             		.loc 1 36 2 view .LVU24
  85 0032 76 05 E7 03             		cmp	#0x3e7, r5
  86 0036 24 D4                   		bgtu	.L11
  36:../src/RX63N_LedButton.c **** }
  87                             		.loc 1 36 35 is_stmt 1 view .LVU25
  36:../src/RX63N_LedButton.c **** }
  88                             		.loc 1 36 32 is_stmt 0 view .LVU26
  89 0038 62 15                   		add	#1, r5
  90                             	.LVL9:
  36:../src/RX63N_LedButton.c **** }
  91                             		.loc 1 36 32 view .LVU27
  92 003a 2E F8                   		bra	.L3
  93                             	.LBE13:
  94                             	.LBE14:
  95                             	.LBE15:
  96                             	.LFE1:
 136                             	.Letext0:
 137                             		.file 2 "c:\\programdata\\gcc for renesas rx 8.3.0.202202-gnurx-elf\\rx-elf\\rx-elf\\rx-elf\\inclu
 138                             		.file 3 "c:\\programdata\\gcc for renesas rx 8.3.0.202202-gnurx-elf\\rx-elf\\rx-elf\\rx-elf\\inclu
 139                             		.file 4 "C:\\Users\\MONSTER\\e2_studio\\workspace\\RX63N_LedButton\\BSS\\Inc/bss.h"
